<?xml version="1.0" encoding="UTF-8"?>
<testsuites>
  <testsuite name="fastlane.lanes">
    
    
    
      
      <testcase classname="fastlane.lanes" name="0: Verifying fastlane version" time="0.00856">
        
      </testcase>
    
      
      <testcase classname="fastlane.lanes" name="1: default_platform" time="0.000864">
        
      </testcase>
    
      
      <testcase classname="fastlane.lanes" name="2: xcbuild" time="1.332726">
        
          <failure message="/Library/Ruby/Gems/2.3.0/gems/fastlane-2.117.1/fastlane/lib/fastlane/actions/actions_helper.rb:48:in `execute_action'&#10;/Library/Ruby/Gems/2.3.0/gems/fastlane-2.117.1/fastlane/lib/fastlane/runner.rb:232:in `block in execute_action'&#10;/Library/Ruby/Gems/2.3.0/gems/fastlane-2.117.1/fastlane/lib/fastlane/runner.rb:227:in `chdir'&#10;/Library/Ruby/Gems/2.3.0/gems/fastlane-2.117.1/fastlane/lib/fastlane/runner.rb:227:in `execute_action'&#10;/Library/Ruby/Gems/2.3.0/gems/fastlane-2.117.1/fastlane/lib/fastlane/runner.rb:157:in `trigger_action_by_name'&#10;/Library/Ruby/Gems/2.3.0/gems/fastlane-2.117.1/fastlane/lib/fastlane/fast_file.rb:154:in `method_missing'&#10;Fastfile:23:in `block (2 levels) in parsing_binding'&#10;/Library/Ruby/Gems/2.3.0/gems/fastlane-2.117.1/fastlane/lib/fastlane/lane.rb:33:in `call'&#10;/Library/Ruby/Gems/2.3.0/gems/fastlane-2.117.1/fastlane/lib/fastlane/runner.rb:49:in `block in execute'&#10;/Library/Ruby/Gems/2.3.0/gems/fastlane-2.117.1/fastlane/lib/fastlane/runner.rb:45:in `chdir'&#10;/Library/Ruby/Gems/2.3.0/gems/fastlane-2.117.1/fastlane/lib/fastlane/runner.rb:45:in `execute'&#10;/Library/Ruby/Gems/2.3.0/gems/fastlane-2.117.1/fastlane/lib/fastlane/lane_manager.rb:56:in `cruise_lane'&#10;/Library/Ruby/Gems/2.3.0/gems/fastlane-2.117.1/fastlane/lib/fastlane/command_line_handler.rb:36:in `handle'&#10;/Library/Ruby/Gems/2.3.0/gems/fastlane-2.117.1/fastlane/lib/fastlane/commands_generator.rb:108:in `block (2 levels) in run'&#10;/Users/esraa.afifi/.gem/ruby/2.3.0/gems/commander-fastlane-4.4.6/lib/commander/command.rb:178:in `call'&#10;/Users/esraa.afifi/.gem/ruby/2.3.0/gems/commander-fastlane-4.4.6/lib/commander/command.rb:153:in `run'&#10;/Users/esraa.afifi/.gem/ruby/2.3.0/gems/commander-fastlane-4.4.6/lib/commander/runner.rb:476:in `run_active_command'&#10;/Library/Ruby/Gems/2.3.0/gems/fastlane-2.117.1/fastlane_core/lib/fastlane_core/ui/fastlane_runner.rb:76:in `run!'&#10;/Users/esraa.afifi/.gem/ruby/2.3.0/gems/commander-fastlane-4.4.6/lib/commander/delegates.rb:15:in `run!'&#10;/Library/Ruby/Gems/2.3.0/gems/fastlane-2.117.1/fastlane/lib/fastlane/commands_generator.rb:333:in `run'&#10;/Library/Ruby/Gems/2.3.0/gems/fastlane-2.117.1/fastlane/lib/fastlane/commands_generator.rb:41:in `start'&#10;/Library/Ruby/Gems/2.3.0/gems/fastlane-2.117.1/fastlane/lib/fastlane/cli_tools_distributor.rb:119:in `take_off'&#10;/Library/Ruby/Gems/2.3.0/gems/fastlane-2.117.1/bin/fastlane:23:in `&lt;top (required)&gt;'&#10;/Users/esraa.afifi/.gem/ruby/2.3.0/bin/fastlane:22:in `load'&#10;/Users/esraa.afifi/.gem/ruby/2.3.0/bin/fastlane:22:in `&lt;top (required)&gt;'&#10;/Library/Ruby/Gems/2.3.0/gems/bundler-2.0.1/lib/bundler/cli/exec.rb:74:in `load'&#10;/Library/Ruby/Gems/2.3.0/gems/bundler-2.0.1/lib/bundler/cli/exec.rb:74:in `kernel_load'&#10;/Library/Ruby/Gems/2.3.0/gems/bundler-2.0.1/lib/bundler/cli/exec.rb:28:in `run'&#10;/Library/Ruby/Gems/2.3.0/gems/bundler-2.0.1/lib/bundler/cli.rb:463:in `exec'&#10;/Library/Ruby/Gems/2.3.0/gems/bundler-2.0.1/lib/bundler/vendor/thor/lib/thor/command.rb:27:in `run'&#10;/Library/Ruby/Gems/2.3.0/gems/bundler-2.0.1/lib/bundler/vendor/thor/lib/thor/invocation.rb:126:in `invoke_command'&#10;/Library/Ruby/Gems/2.3.0/gems/bundler-2.0.1/lib/bundler/vendor/thor/lib/thor.rb:387:in `dispatch'&#10;/Library/Ruby/Gems/2.3.0/gems/bundler-2.0.1/lib/bundler/cli.rb:27:in `dispatch'&#10;/Library/Ruby/Gems/2.3.0/gems/bundler-2.0.1/lib/bundler/vendor/thor/lib/thor/base.rb:466:in `start'&#10;/Library/Ruby/Gems/2.3.0/gems/bundler-2.0.1/lib/bundler/cli.rb:18:in `start'&#10;/Library/Ruby/Gems/2.3.0/gems/bundler-2.0.1/exe/bundle:30:in `block in &lt;top (required)&gt;'&#10;/Library/Ruby/Gems/2.3.0/gems/bundler-2.0.1/lib/bundler/friendly_errors.rb:124:in `with_friendly_errors'&#10;/Library/Ruby/Gems/2.3.0/gems/bundler-2.0.1/exe/bundle:22:in `&lt;top (required)&gt;'&#10;/usr/local/bin/bundle:22:in `load'&#10;/usr/local/bin/bundle:22:in `&lt;main&gt;'&#10;&#10;Exit status of command 'set -o pipefail &amp;&amp; xcodebuild -workspace &quot;HelloWorld.xcworkspace&quot; -scheme &quot;HelloWorld.xcscheme&quot; -configuration &quot;Debug&quot; -sdk iphonesimulator SYMROOT='/var/tmp/' build | tee '/Users/esraa.afifi/Library/Logs/fastlane/xcbuild/2019-03-14/35567/xcodebuild.log' | xcpretty --color --simple' was 65 instead of 0.&#10;xcodebuild: error: The workspace named &quot;HelloWorld&quot; does not contain a scheme named &quot;HelloWorld.xcscheme&quot;. The &quot;-list&quot; option can be used to find the names of the schemes in the workspace.&#10;" />
        
      </testcase>
    
  </testsuite>
</testsuites>
